<?xml version="1.0" encoding="UTF-8"?>
<testsuite xmlns:xsi="http://www.w3.org/2001/XMLSchema-instance" xsi:noNamespaceSchemaLocation="https://maven.apache.org/surefire/maven-surefire-plugin/xsd/surefire-test-report-3.0.xsd" version="3.0" name="br.ce.rpaixao.tests.RemoverMovimentacaoContaTest" time="8.944" tests="1" errors="0" skipped="0" failures="0">
  <properties>
    <property name="java.specification.version" value="21"/>
    <property name="sun.cpu.isalist" value="amd64"/>
    <property name="sun.jnu.encoding" value="Cp1252"/>
    <property name="java.class.path" value="C:\Users\pairo\eclipse-workspace\ProjetoBasico\target\test-classes;C:\Users\pairo\eclipse-workspace\ProjetoBasico\target\classes;C:\Users\pairo\.m2\repository\org\seleniumhq\selenium\selenium-java\4.19.0\selenium-java-4.19.0.jar;C:\Users\pairo\.m2\repository\org\seleniumhq\selenium\selenium-api\4.19.0\selenium-api-4.19.0.jar;C:\Users\pairo\.m2\repository\org\seleniumhq\selenium\selenium-chrome-driver\4.19.0\selenium-chrome-driver-4.19.0.jar;C:\Users\pairo\.m2\repository\com\google\auto\service\auto-service-annotations\1.1.1\auto-service-annotations-1.1.1.jar;C:\Users\pairo\.m2\repository\org\seleniumhq\selenium\selenium-chromium-driver\4.19.0\selenium-chromium-driver-4.19.0.jar;C:\Users\pairo\.m2\repository\org\seleniumhq\selenium\selenium-json\4.19.0\selenium-json-4.19.0.jar;C:\Users\pairo\.m2\repository\org\seleniumhq\selenium\selenium-manager\4.19.0\selenium-manager-4.19.0.jar;C:\Users\pairo\.m2\repository\org\seleniumhq\selenium\selenium-devtools-v121\4.19.0\selenium-devtools-v121-4.19.0.jar;C:\Users\pairo\.m2\repository\org\seleniumhq\selenium\selenium-devtools-v122\4.19.0\selenium-devtools-v122-4.19.0.jar;C:\Users\pairo\.m2\repository\org\seleniumhq\selenium\selenium-devtools-v123\4.19.0\selenium-devtools-v123-4.19.0.jar;C:\Users\pairo\.m2\repository\org\seleniumhq\selenium\selenium-devtools-v85\4.19.0\selenium-devtools-v85-4.19.0.jar;C:\Users\pairo\.m2\repository\org\seleniumhq\selenium\selenium-edge-driver\4.19.0\selenium-edge-driver-4.19.0.jar;C:\Users\pairo\.m2\repository\org\seleniumhq\selenium\selenium-firefox-driver\4.19.0\selenium-firefox-driver-4.19.0.jar;C:\Users\pairo\.m2\repository\org\seleniumhq\selenium\selenium-http\4.19.0\selenium-http-4.19.0.jar;C:\Users\pairo\.m2\repository\dev\failsafe\failsafe\3.3.2\failsafe-3.3.2.jar;C:\Users\pairo\.m2\repository\org\seleniumhq\selenium\selenium-ie-driver\4.19.0\selenium-ie-driver-4.19.0.jar;C:\Users\pairo\.m2\repository\org\seleniumhq\selenium\selenium-remote-driver\4.19.0\selenium-remote-driver-4.19.0.jar;C:\Users\pairo\.m2\repository\com\google\guava\guava\33.1.0-jre\guava-33.1.0-jre.jar;C:\Users\pairo\.m2\repository\com\google\guava\failureaccess\1.0.2\failureaccess-1.0.2.jar;C:\Users\pairo\.m2\repository\com\google\guava\listenablefuture\9999.0-empty-to-avoid-conflict-with-guava\listenablefuture-9999.0-empty-to-avoid-conflict-with-guava.jar;C:\Users\pairo\.m2\repository\com\google\code\findbugs\jsr305\3.0.2\jsr305-3.0.2.jar;C:\Users\pairo\.m2\repository\org\checkerframework\checker-qual\3.42.0\checker-qual-3.42.0.jar;C:\Users\pairo\.m2\repository\com\google\errorprone\error_prone_annotations\2.26.1\error_prone_annotations-2.26.1.jar;C:\Users\pairo\.m2\repository\com\google\j2objc\j2objc-annotations\3.0.0\j2objc-annotations-3.0.0.jar;C:\Users\pairo\.m2\repository\io\opentelemetry\semconv\opentelemetry-semconv\1.23.1-alpha\opentelemetry-semconv-1.23.1-alpha.jar;C:\Users\pairo\.m2\repository\io\opentelemetry\opentelemetry-api\1.36.0\opentelemetry-api-1.36.0.jar;C:\Users\pairo\.m2\repository\io\opentelemetry\opentelemetry-context\1.36.0\opentelemetry-context-1.36.0.jar;C:\Users\pairo\.m2\repository\io\opentelemetry\opentelemetry-exporter-logging\1.36.0\opentelemetry-exporter-logging-1.36.0.jar;C:\Users\pairo\.m2\repository\io\opentelemetry\opentelemetry-sdk-common\1.36.0\opentelemetry-sdk-common-1.36.0.jar;C:\Users\pairo\.m2\repository\io\opentelemetry\opentelemetry-sdk-extension-autoconfigure-spi\1.36.0\opentelemetry-sdk-extension-autoconfigure-spi-1.36.0.jar;C:\Users\pairo\.m2\repository\io\opentelemetry\opentelemetry-sdk-extension-autoconfigure\1.36.0\opentelemetry-sdk-extension-autoconfigure-1.36.0.jar;C:\Users\pairo\.m2\repository\io\opentelemetry\opentelemetry-api-events\1.36.0-alpha\opentelemetry-api-events-1.36.0-alpha.jar;C:\Users\pairo\.m2\repository\io\opentelemetry\opentelemetry-sdk-trace\1.36.0\opentelemetry-sdk-trace-1.36.0.jar;C:\Users\pairo\.m2\repository\io\opentelemetry\opentelemetry-extension-incubator\1.36.0-alpha\opentelemetry-extension-incubator-1.36.0-alpha.jar;C:\Users\pairo\.m2\repository\io\opentelemetry\opentelemetry-sdk\1.36.0\opentelemetry-sdk-1.36.0.jar;C:\Users\pairo\.m2\repository\io\opentelemetry\opentelemetry-sdk-metrics\1.36.0\opentelemetry-sdk-metrics-1.36.0.jar;C:\Users\pairo\.m2\repository\io\opentelemetry\opentelemetry-sdk-logs\1.36.0\opentelemetry-sdk-logs-1.36.0.jar;C:\Users\pairo\.m2\repository\net\bytebuddy\byte-buddy\1.14.12\byte-buddy-1.14.12.jar;C:\Users\pairo\.m2\repository\org\seleniumhq\selenium\selenium-os\4.19.0\selenium-os-4.19.0.jar;C:\Users\pairo\.m2\repository\org\apache\commons\commons-exec\1.3\commons-exec-1.3.jar;C:\Users\pairo\.m2\repository\org\seleniumhq\selenium\selenium-safari-driver\4.19.0\selenium-safari-driver-4.19.0.jar;C:\Users\pairo\.m2\repository\org\seleniumhq\selenium\selenium-support\4.19.0\selenium-support-4.19.0.jar;C:\Users\pairo\.m2\repository\junit\junit\4.12\junit-4.12.jar;C:\Users\pairo\.m2\repository\org\hamcrest\hamcrest-core\1.3\hamcrest-core-1.3.jar;C:\Users\pairo\.m2\repository\commons-io\commons-io\2.6\commons-io-2.6.jar;"/>
    <property name="java.vm.vendor" value="Oracle Corporation"/>
    <property name="sun.arch.data.model" value="64"/>
    <property name="user.variant" value=""/>
    <property name="java.vendor.url" value="https://java.oracle.com/"/>
    <property name="user.timezone" value="America/Sao_Paulo"/>
    <property name="os.name" value="Windows 11"/>
    <property name="java.vm.specification.version" value="21"/>
    <property name="sun.java.launcher" value="SUN_STANDARD"/>
    <property name="user.country" value="BR"/>
    <property name="sun.boot.library.path" value="C:\Program Files\Java\jdk-21\bin"/>
    <property name="sun.java.command" value="C:\Users\pairo\AppData\Local\Temp\surefire13219110226893881147\surefirebooter-20240328164844869_3.jar C:\Users\pairo\AppData\Local\Temp\surefire13219110226893881147 2024-03-28T16-48-44_713-jvmRun1 surefire-20240328164844869_1tmp surefire_0-20240328164844869_2tmp"/>
    <property name="jdk.debug" value="release"/>
    <property name="surefire.test.class.path" value="C:\Users\pairo\eclipse-workspace\ProjetoBasico\target\test-classes;C:\Users\pairo\eclipse-workspace\ProjetoBasico\target\classes;C:\Users\pairo\.m2\repository\org\seleniumhq\selenium\selenium-java\4.19.0\selenium-java-4.19.0.jar;C:\Users\pairo\.m2\repository\org\seleniumhq\selenium\selenium-api\4.19.0\selenium-api-4.19.0.jar;C:\Users\pairo\.m2\repository\org\seleniumhq\selenium\selenium-chrome-driver\4.19.0\selenium-chrome-driver-4.19.0.jar;C:\Users\pairo\.m2\repository\com\google\auto\service\auto-service-annotations\1.1.1\auto-service-annotations-1.1.1.jar;C:\Users\pairo\.m2\repository\org\seleniumhq\selenium\selenium-chromium-driver\4.19.0\selenium-chromium-driver-4.19.0.jar;C:\Users\pairo\.m2\repository\org\seleniumhq\selenium\selenium-json\4.19.0\selenium-json-4.19.0.jar;C:\Users\pairo\.m2\repository\org\seleniumhq\selenium\selenium-manager\4.19.0\selenium-manager-4.19.0.jar;C:\Users\pairo\.m2\repository\org\seleniumhq\selenium\selenium-devtools-v121\4.19.0\selenium-devtools-v121-4.19.0.jar;C:\Users\pairo\.m2\repository\org\seleniumhq\selenium\selenium-devtools-v122\4.19.0\selenium-devtools-v122-4.19.0.jar;C:\Users\pairo\.m2\repository\org\seleniumhq\selenium\selenium-devtools-v123\4.19.0\selenium-devtools-v123-4.19.0.jar;C:\Users\pairo\.m2\repository\org\seleniumhq\selenium\selenium-devtools-v85\4.19.0\selenium-devtools-v85-4.19.0.jar;C:\Users\pairo\.m2\repository\org\seleniumhq\selenium\selenium-edge-driver\4.19.0\selenium-edge-driver-4.19.0.jar;C:\Users\pairo\.m2\repository\org\seleniumhq\selenium\selenium-firefox-driver\4.19.0\selenium-firefox-driver-4.19.0.jar;C:\Users\pairo\.m2\repository\org\seleniumhq\selenium\selenium-http\4.19.0\selenium-http-4.19.0.jar;C:\Users\pairo\.m2\repository\dev\failsafe\failsafe\3.3.2\failsafe-3.3.2.jar;C:\Users\pairo\.m2\repository\org\seleniumhq\selenium\selenium-ie-driver\4.19.0\selenium-ie-driver-4.19.0.jar;C:\Users\pairo\.m2\repository\org\seleniumhq\selenium\selenium-remote-driver\4.19.0\selenium-remote-driver-4.19.0.jar;C:\Users\pairo\.m2\repository\com\google\guava\guava\33.1.0-jre\guava-33.1.0-jre.jar;C:\Users\pairo\.m2\repository\com\google\guava\failureaccess\1.0.2\failureaccess-1.0.2.jar;C:\Users\pairo\.m2\repository\com\google\guava\listenablefuture\9999.0-empty-to-avoid-conflict-with-guava\listenablefuture-9999.0-empty-to-avoid-conflict-with-guava.jar;C:\Users\pairo\.m2\repository\com\google\code\findbugs\jsr305\3.0.2\jsr305-3.0.2.jar;C:\Users\pairo\.m2\repository\org\checkerframework\checker-qual\3.42.0\checker-qual-3.42.0.jar;C:\Users\pairo\.m2\repository\com\google\errorprone\error_prone_annotations\2.26.1\error_prone_annotations-2.26.1.jar;C:\Users\pairo\.m2\repository\com\google\j2objc\j2objc-annotations\3.0.0\j2objc-annotations-3.0.0.jar;C:\Users\pairo\.m2\repository\io\opentelemetry\semconv\opentelemetry-semconv\1.23.1-alpha\opentelemetry-semconv-1.23.1-alpha.jar;C:\Users\pairo\.m2\repository\io\opentelemetry\opentelemetry-api\1.36.0\opentelemetry-api-1.36.0.jar;C:\Users\pairo\.m2\repository\io\opentelemetry\opentelemetry-context\1.36.0\opentelemetry-context-1.36.0.jar;C:\Users\pairo\.m2\repository\io\opentelemetry\opentelemetry-exporter-logging\1.36.0\opentelemetry-exporter-logging-1.36.0.jar;C:\Users\pairo\.m2\repository\io\opentelemetry\opentelemetry-sdk-common\1.36.0\opentelemetry-sdk-common-1.36.0.jar;C:\Users\pairo\.m2\repository\io\opentelemetry\opentelemetry-sdk-extension-autoconfigure-spi\1.36.0\opentelemetry-sdk-extension-autoconfigure-spi-1.36.0.jar;C:\Users\pairo\.m2\repository\io\opentelemetry\opentelemetry-sdk-extension-autoconfigure\1.36.0\opentelemetry-sdk-extension-autoconfigure-1.36.0.jar;C:\Users\pairo\.m2\repository\io\opentelemetry\opentelemetry-api-events\1.36.0-alpha\opentelemetry-api-events-1.36.0-alpha.jar;C:\Users\pairo\.m2\repository\io\opentelemetry\opentelemetry-sdk-trace\1.36.0\opentelemetry-sdk-trace-1.36.0.jar;C:\Users\pairo\.m2\repository\io\opentelemetry\opentelemetry-extension-incubator\1.36.0-alpha\opentelemetry-extension-incubator-1.36.0-alpha.jar;C:\Users\pairo\.m2\repository\io\opentelemetry\opentelemetry-sdk\1.36.0\opentelemetry-sdk-1.36.0.jar;C:\Users\pairo\.m2\repository\io\opentelemetry\opentelemetry-sdk-metrics\1.36.0\opentelemetry-sdk-metrics-1.36.0.jar;C:\Users\pairo\.m2\repository\io\opentelemetry\opentelemetry-sdk-logs\1.36.0\opentelemetry-sdk-logs-1.36.0.jar;C:\Users\pairo\.m2\repository\net\bytebuddy\byte-buddy\1.14.12\byte-buddy-1.14.12.jar;C:\Users\pairo\.m2\repository\org\seleniumhq\selenium\selenium-os\4.19.0\selenium-os-4.19.0.jar;C:\Users\pairo\.m2\repository\org\apache\commons\commons-exec\1.3\commons-exec-1.3.jar;C:\Users\pairo\.m2\repository\org\seleniumhq\selenium\selenium-safari-driver\4.19.0\selenium-safari-driver-4.19.0.jar;C:\Users\pairo\.m2\repository\org\seleniumhq\selenium\selenium-support\4.19.0\selenium-support-4.19.0.jar;C:\Users\pairo\.m2\repository\junit\junit\4.12\junit-4.12.jar;C:\Users\pairo\.m2\repository\org\hamcrest\hamcrest-core\1.3\hamcrest-core-1.3.jar;C:\Users\pairo\.m2\repository\commons-io\commons-io\2.6\commons-io-2.6.jar;"/>
    <property name="sun.cpu.endian" value="little"/>
    <property name="user.home" value="C:\Users\pairo"/>
    <property name="user.language" value="pt"/>
    <property name="java.specification.vendor" value="Oracle Corporation"/>
    <property name="java.version.date" value="2024-01-16"/>
    <property name="java.home" value="C:\Program Files\Java\jdk-21"/>
    <property name="file.separator" value="\"/>
    <property name="basedir" value="C:\Users\pairo\eclipse-workspace\ProjetoBasico"/>
    <property name="style.color" value="always"/>
    <property name="java.vm.compressedOopsMode" value="32-bit"/>
    <property name="line.separator" value="&#10;"/>
    <property name="java.vm.specification.vendor" value="Oracle Corporation"/>
    <property name="java.specification.name" value="Java Platform API Specification"/>
    <property name="surefire.real.class.path" value="C:\Users\pairo\AppData\Local\Temp\surefire13219110226893881147\surefirebooter-20240328164844869_3.jar"/>
    <property name="user.script" value=""/>
    <property name="sun.management.compiler" value="HotSpot 64-Bit Tiered Compilers"/>
    <property name="java.runtime.version" value="21.0.2+13-LTS-58"/>
    <property name="user.name" value="pairo"/>
    <property name="stdout.encoding" value="Cp1252"/>
    <property name="path.separator" value=";"/>
    <property name="os.version" value="10.0"/>
    <property name="java.runtime.name" value="Java(TM) SE Runtime Environment"/>
    <property name="file.encoding" value="UTF-8"/>
    <property name="java.vm.name" value="Java HotSpot(TM) 64-Bit Server VM"/>
    <property name="localRepository" value="C:\Users\pairo\.m2\repository"/>
    <property name="java.vendor.url.bug" value="https://bugreport.java.com/bugreport/"/>
    <property name="java.io.tmpdir" value="C:\Users\pairo\AppData\Local\Temp\"/>
    <property name="java.version" value="21.0.2"/>
    <property name="user.dir" value="C:\Users\pairo\eclipse-workspace\ProjetoBasico"/>
    <property name="os.arch" value="amd64"/>
    <property name="java.vm.specification.name" value="Java Virtual Machine Specification"/>
    <property name="sun.os.patch.level" value=""/>
    <property name="native.encoding" value="Cp1252"/>
    <property name="java.library.path" value="C:\Program Files\Java\jdk-21\bin;C:\WINDOWS\Sun\Java\bin;C:\WINDOWS\system32;C:\WINDOWS;C:/Program Files/Java/jdk-21/bin/server;C:/Program Files/Java/jdk-21/bin;C:/Users/pairo/AppData/Local/Temp/eoiACD0.tmp//plugins/org.eclipse.justj.openjdk.hotspot.jre.minimal.stripped.win32.x86_64_17.0.10.v20240120-1143/jre/bin/server;C:/Users/pairo/AppData/Local/Temp/eoiACD0.tmp//plugins/org.eclipse.justj.openjdk.hotspot.jre.minimal.stripped.win32.x86_64_17.0.10.v20240120-1143/jre/bin;C:\Program Files\Google\Chrome\Application;&quot;C:\Users\pairo\Downloads\drives;C:\Program Files\Eclipse Adoptium\jdk-17.0.8.7-hotspot\bin&quot;;C:\Program Files\Common Files\Oracle\Java\javapath;C:\Windows\system32;C:\Windows;C:\Windows\System32\Wbem;C:\Windows\System32\WindowsPowerShell\v1.0\;C:\Windows\System32\OpenSSH\;C:\Program Files (x86)\NVIDIA Corporation\PhysX\Common;C:\Program Files\NVIDIA Corporation\NVIDIA NvDLISR;C:\WINDOWS\system32;C:\WINDOWS;C:\WINDOWS\System32\Wbem;C:\WINDOWS\System32\WindowsPowerShell\v1.0\;C:\WINDOWS\System32\OpenSSH\;C:\Program Files (x86)\Microsoft SQL Server\160\Tools\Binn\;C:\Program Files\Microsoft SQL Server\160\Tools\Binn\;C:\Program Files\Microsoft SQL Server\Client SDK\ODBC\170\Tools\Binn\;C:\Program Files\Microsoft SQL Server\160\DTS\Binn\;C:\Program Files (x86)\Microsoft SQL Server\160\DTS\Binn\;C:\Program Files\Azure Data Studio\bin;C:\Program Files\nodejs\;C:\Program Files\Git\cmd;C:\Program Files\Java\jdk-20\bin;C:\Program Files\Docker\Docker\resources\bin;C:\Program Files\PowerShell\7\;C:\Program Files\PowerShell\7-preview\preview;C:\maven\bin;C:\Users\pairo\AppData\Local\Microsoft\WindowsApps;C:\Program Files\Azure Data Studio\bin;C:\Users\pairo\AppData\Local\atom\bin;C:\Users\pairo\AppData\Roaming\npm;C:\Users\pairo\AppData\Local\Programs\Microsoft VS Code\bin;C:\Users\pairo\AppData\Local\GitHubDesktop\bin;C:\Program Files\JetBrains\IntelliJ IDEA 2023.2\bin;;C:\Users\pairo\AppData\Local\JetBrains\IntelliJ IDEA Community Edition 2023.2\bin;;C:\Users\pairo\Downloads;;C:\Users\pairo\Downloads;;."/>
    <property name="java.vm.info" value="mixed mode, sharing"/>
    <property name="stderr.encoding" value="Cp1252"/>
    <property name="java.vendor" value="Oracle Corporation"/>
    <property name="java.vm.version" value="21.0.2+13-LTS-58"/>
    <property name="sun.io.unicode.encoding" value="UnicodeLittle"/>
    <property name="java.class.version" value="65.0"/>
  </properties>
  <testcase name="testExcluirContaComMovimentacao" classname="br.ce.rpaixao.tests.RemoverMovimentacaoContaTest" time="8.944"/>
</testsuite>